This file contains any messages produced by compilers while
running configure, to aid debugging if configure makes a mistake.

It was created by scrypt configure 1.1.6, which was
generated by GNU Autoconf 2.62.  Invocation command line was

  $ ./configure 

## --------- ##
## Platform. ##
## --------- ##

hostname = dakami-atoll
uname -m = i686
uname -r = 1.7.15(0.260/5/3)
uname -s = CYGWIN_NT-6.1-WOW64
uname -v = 2012-05-09 10:25

/usr/bin/uname -p = unknown
/bin/uname -X     = unknown

/bin/arch              = i686
/usr/bin/arch -k       = unknown
/usr/convex/getsysinfo = unknown
/usr/bin/hostinfo      = unknown
/bin/machine           = unknown
/usr/bin/oslevel       = unknown
/bin/universe          = unknown

PATH: /usr/local/bin
PATH: /usr/bin
PATH: /cygdrive/c/Program Files/Gimp-2.7.3/bin
PATH: /cygdrive/c/Program Files (x86)/NVIDIA Corporation/PhysX/Common
PATH: /cygdrive/c/Windows/system32
PATH: /cygdrive/c/Windows
PATH: /cygdrive/c/Windows/System32/Wbem
PATH: /cygdrive/c/Windows/System32/WindowsPowerShell/v1.0
PATH: /cygdrive/c/Program Files/WIDCOMM/Bluetooth Software
PATH: /cygdrive/c/Program Files/WIDCOMM/Bluetooth Software/syswow64
PATH: /cygdrive/c/python26
PATH: /cygdrive/c/python26/scripts
PATH: /cygdrive/c/Program Files (x86)/Graphviz 2.28/bin
PATH: /cygdrive/c/Program Files (x86)/QuickTime/QTSystem
PATH: /cygdrive/c/Program Files/Microsoft Network Monitor 3
PATH: /cygdrive/c/Program Files/Java/jdk1.7.0_03/bin
PATH: /cygdrive/c/Motion-Twin/haxe
PATH: /cygdrive/c/Motion-Twin/neko
PATH: /usr/lib/lapack


## ----------- ##
## Core tests. ##
## ----------- ##

configure:1875: checking for a BSD-compatible install
configure:1943: result: /usr/bin/install -c
configure:1954: checking whether build environment is sane
configure:1997: result: yes
configure:2022: checking for a thread-safe mkdir -p
configure:2061: result: /usr/bin/mkdir -p
configure:2074: checking for gawk
configure:2090: found /usr/bin/gawk
configure:2101: result: gawk
configure:2112: checking whether make sets $(MAKE)
configure:2134: result: yes
configure:2322: checking whether to enable maintainer-specific portions of Makefiles
configure:2331: result: no
configure:2392: checking for gcc
configure:2408: found /usr/bin/gcc
configure:2419: result: gcc
configure:2657: checking for C compiler version
configure:2665: gcc --version >&5
gcc (GCC) 4.5.3
Copyright (C) 2010 Free Software Foundation, Inc.
This is free software; see the source for copying conditions.  There is NO
warranty; not even for MERCHANTABILITY or FITNESS FOR A PARTICULAR PURPOSE.

configure:2669: $? = 0
configure:2676: gcc -v >&5
Using built-in specs.
COLLECT_GCC=gcc
COLLECT_LTO_WRAPPER=/usr/lib/gcc/i686-pc-cygwin/4.5.3/lto-wrapper.exe
Target: i686-pc-cygwin
Configured with: /gnu/gcc/releases/respins/4.5.3-3/gcc4-4.5.3-3/src/gcc-4.5.3/configure --srcdir=/gnu/gcc/releases/respins/4.5.3-3/gcc4-4.5.3-3/src/gcc-4.5.3 --prefix=/usr --exec-prefix=/usr --bindir=/usr/bin --sbindir=/usr/sbin --libexecdir=/usr/lib --datadir=/usr/share --localstatedir=/var --sysconfdir=/etc --datarootdir=/usr/share --docdir=/usr/share/doc/gcc4 -C --datadir=/usr/share --infodir=/usr/share/info --mandir=/usr/share/man -v --with-gmp=/usr --with-mpfr=/usr --enable-bootstrap --enable-version-specific-runtime-libs --libexecdir=/usr/lib --enable-static --enable-shared --enable-shared-libgcc --disable-__cxa_atexit --with-gnu-ld --with-gnu-as --with-dwarf2 --disable-sjlj-exceptions --enable-languages=ada,c,c++,fortran,java,lto,objc,obj-c++ --enable-graphite --enable-lto --enable-java-awt=gtk --disable-symvers --enable-libjava --program-suffix=-4 --enable-libgomp --enable-libssp --enable-libada --enable-threads=posix --with-arch=i686 --with-tune=generic --enable-libgcj-sublibs CC=gcc-4 CXX=g++-4 CC_FOR_TARGET=gcc-4 CXX_FOR_TARGET=g++-4 GNATMAKE_FOR_TARGET=gnatmake GNATBIND_FOR_TARGET=gnatbind --with-ecj-jar=/usr/share/java/ecj.jar
Thread model: posix
gcc version 4.5.3 (GCC) 
configure:2680: $? = 0
configure:2687: gcc -V >&5
gcc: '-V' option must have argument
configure:2691: $? = 1
configure:2714: checking for C compiler default output file name
configure:2736: gcc    conftest.c  >&5
configure:2740: $? = 0
configure:2778: result: a.exe
configure:2795: checking whether the C compiler works
configure:2805: ./a.exe
configure:2809: $? = 0
configure:2826: result: yes
configure:2833: checking whether we are cross compiling
configure:2835: result: no
configure:2838: checking for suffix of executables
configure:2845: gcc -o conftest.exe    conftest.c  >&5
configure:2849: $? = 0
configure:2873: result: .exe
configure:2879: checking for suffix of object files
configure:2905: gcc -c   conftest.c >&5
configure:2909: $? = 0
configure:2932: result: o
configure:2936: checking whether we are using the GNU C compiler
configure:2965: gcc -c   conftest.c >&5
configure:2972: $? = 0
configure:2989: result: yes
configure:2998: checking whether gcc accepts -g
configure:3028: gcc -c -g  conftest.c >&5
configure:3035: $? = 0
configure:3136: result: yes
configure:3153: checking for gcc option to accept ISO C89
configure:3227: gcc  -c -g -O2  conftest.c >&5
configure:3234: $? = 0
configure:3257: result: none needed
configure:3286: checking for style of include used by make
configure:3314: result: GNU
configure:3339: checking dependency style of gcc
configure:3430: result: gcc3
configure:3454: checking how to run the C preprocessor
configure:3494: gcc -E  conftest.c
configure:3501: $? = 0
configure:3532: gcc -E  conftest.c
conftest.c:10:28: fatal error: ac_nonexistent.h: No such file or directory
compilation terminated.
configure:3539: $? = 1
configure: failed program was:
| /* confdefs.h.  */
| #define PACKAGE_NAME "scrypt"
| #define PACKAGE_TARNAME "scrypt"
| #define PACKAGE_VERSION "1.1.6"
| #define PACKAGE_STRING "scrypt 1.1.6"
| #define PACKAGE_BUGREPORT ""
| #define PACKAGE "scrypt"
| #define VERSION "1.1.6"
| /* end confdefs.h.  */
| #include <ac_nonexistent.h>
configure:3572: result: gcc -E
configure:3601: gcc -E  conftest.c
configure:3608: $? = 0
configure:3639: gcc -E  conftest.c
conftest.c:10:28: fatal error: ac_nonexistent.h: No such file or directory
compilation terminated.
configure:3646: $? = 1
configure: failed program was:
| /* confdefs.h.  */
| #define PACKAGE_NAME "scrypt"
| #define PACKAGE_TARNAME "scrypt"
| #define PACKAGE_VERSION "1.1.6"
| #define PACKAGE_STRING "scrypt 1.1.6"
| #define PACKAGE_BUGREPORT ""
| #define PACKAGE "scrypt"
| #define VERSION "1.1.6"
| /* end confdefs.h.  */
| #include <ac_nonexistent.h>
configure:3684: checking for grep that handles long lines and -e
configure:3744: result: /usr/bin/grep
configure:3749: checking for egrep
configure:3813: result: /usr/bin/grep -E
configure:3818: checking for ANSI C header files
configure:3848: gcc -c -g -O2  conftest.c >&5
configure:3855: $? = 0
configure:3954: gcc -o conftest.exe -g -O2   conftest.c  >&5
configure:3958: $? = 0
configure:3964: ./conftest.exe
configure:3968: $? = 0
configure:3986: result: yes
configure:4010: checking for sys/types.h
configure:4031: gcc -c -g -O2  conftest.c >&5
configure:4038: $? = 0
configure:4055: result: yes
configure:4010: checking for sys/stat.h
configure:4031: gcc -c -g -O2  conftest.c >&5
configure:4038: $? = 0
configure:4055: result: yes
configure:4010: checking for stdlib.h
configure:4031: gcc -c -g -O2  conftest.c >&5
configure:4038: $? = 0
configure:4055: result: yes
configure:4010: checking for string.h
configure:4031: gcc -c -g -O2  conftest.c >&5
configure:4038: $? = 0
configure:4055: result: yes
configure:4010: checking for memory.h
configure:4031: gcc -c -g -O2  conftest.c >&5
configure:4038: $? = 0
configure:4055: result: yes
configure:4010: checking for strings.h
configure:4031: gcc -c -g -O2  conftest.c >&5
configure:4038: $? = 0
configure:4055: result: yes
configure:4010: checking for inttypes.h
configure:4031: gcc -c -g -O2  conftest.c >&5
configure:4038: $? = 0
configure:4055: result: yes
configure:4010: checking for stdint.h
configure:4031: gcc -c -g -O2  conftest.c >&5
configure:4038: $? = 0
configure:4055: result: yes
configure:4010: checking for unistd.h
configure:4031: gcc -c -g -O2  conftest.c >&5
configure:4038: $? = 0
configure:4055: result: yes
configure:4084: checking sys/endian.h usability
configure:4101: gcc -c -g -O2  conftest.c >&5
conftest.c:53:24: fatal error: sys/endian.h: No such file or directory
compilation terminated.
configure:4108: $? = 1
configure: failed program was:
| /* confdefs.h.  */
| #define PACKAGE_NAME "scrypt"
| #define PACKAGE_TARNAME "scrypt"
| #define PACKAGE_VERSION "1.1.6"
| #define PACKAGE_STRING "scrypt 1.1.6"
| #define PACKAGE_BUGREPORT ""
| #define PACKAGE "scrypt"
| #define VERSION "1.1.6"
| #define STDC_HEADERS 1
| #define HAVE_SYS_TYPES_H 1
| #define HAVE_SYS_STAT_H 1
| #define HAVE_STDLIB_H 1
| #define HAVE_STRING_H 1
| #define HAVE_MEMORY_H 1
| #define HAVE_STRINGS_H 1
| #define HAVE_INTTYPES_H 1
| #define HAVE_STDINT_H 1
| #define HAVE_UNISTD_H 1
| /* end confdefs.h.  */
| #include <stdio.h>
| #ifdef HAVE_SYS_TYPES_H
| # include <sys/types.h>
| #endif
| #ifdef HAVE_SYS_STAT_H
| # include <sys/stat.h>
| #endif
| #ifdef STDC_HEADERS
| # include <stdlib.h>
| # include <stddef.h>
| #else
| # ifdef HAVE_STDLIB_H
| #  include <stdlib.h>
| # endif
| #endif
| #ifdef HAVE_STRING_H
| # if !defined STDC_HEADERS && defined HAVE_MEMORY_H
| #  include <memory.h>
| # endif
| # include <string.h>
| #endif
| #ifdef HAVE_STRINGS_H
| # include <strings.h>
| #endif
| #ifdef HAVE_INTTYPES_H
| # include <inttypes.h>
| #endif
| #ifdef HAVE_STDINT_H
| # include <stdint.h>
| #endif
| #ifdef HAVE_UNISTD_H
| # include <unistd.h>
| #endif
| #include <sys/endian.h>
configure:4122: result: no
configure:4126: checking sys/endian.h presence
configure:4141: gcc -E  conftest.c
conftest.c:20:24: fatal error: sys/endian.h: No such file or directory
compilation terminated.
configure:4148: $? = 1
configure: failed program was:
| /* confdefs.h.  */
| #define PACKAGE_NAME "scrypt"
| #define PACKAGE_TARNAME "scrypt"
| #define PACKAGE_VERSION "1.1.6"
| #define PACKAGE_STRING "scrypt 1.1.6"
| #define PACKAGE_BUGREPORT ""
| #define PACKAGE "scrypt"
| #define VERSION "1.1.6"
| #define STDC_HEADERS 1
| #define HAVE_SYS_TYPES_H 1
| #define HAVE_SYS_STAT_H 1
| #define HAVE_STDLIB_H 1
| #define HAVE_STRING_H 1
| #define HAVE_MEMORY_H 1
| #define HAVE_STRINGS_H 1
| #define HAVE_INTTYPES_H 1
| #define HAVE_STDINT_H 1
| #define HAVE_UNISTD_H 1
| /* end confdefs.h.  */
| #include <sys/endian.h>
configure:4162: result: no
configure:4190: checking for sys/endian.h
configure:4199: result: no
configure:4213: checking whether be64enc is declared
configure:4243: gcc -c -g -O2  conftest.c >&5
conftest.c:20:24: fatal error: sys/endian.h: No such file or directory
compilation terminated.
configure:4250: $? = 1
configure: failed program was:
| /* confdefs.h.  */
| #define PACKAGE_NAME "scrypt"
| #define PACKAGE_TARNAME "scrypt"
| #define PACKAGE_VERSION "1.1.6"
| #define PACKAGE_STRING "scrypt 1.1.6"
| #define PACKAGE_BUGREPORT ""
| #define PACKAGE "scrypt"
| #define VERSION "1.1.6"
| #define STDC_HEADERS 1
| #define HAVE_SYS_TYPES_H 1
| #define HAVE_SYS_STAT_H 1
| #define HAVE_STDLIB_H 1
| #define HAVE_STRING_H 1
| #define HAVE_MEMORY_H 1
| #define HAVE_STRINGS_H 1
| #define HAVE_INTTYPES_H 1
| #define HAVE_STDINT_H 1
| #define HAVE_UNISTD_H 1
| /* end confdefs.h.  */
| #include <sys/endian.h>
| 
| int
| main ()
| {
| #ifndef be64enc
|   (void) be64enc;
| #endif
| 
|   ;
|   return 0;
| }
configure:4265: result: no
configure:4301: checking err.h usability
configure:4318: gcc -c -g -O2  conftest.c >&5
configure:4325: $? = 0
configure:4339: result: yes
configure:4343: checking err.h presence
configure:4358: gcc -E  conftest.c
configure:4365: $? = 0
configure:4379: result: yes
configure:4407: checking for err.h
configure:4416: result: yes
configure:4433: checking for clock_gettime in -lrt
configure:4468: gcc -o conftest.exe -g -O2   conftest.c -lrt   >&5
configure:4475: $? = 0
configure:4496: result: yes
configure:4511: checking for clock_gettime
configure:4567: gcc -o conftest.exe -g -O2   conftest.c -lrt  >&5
configure:4574: $? = 0
configure:4596: result: yes
configure:4627: checking sys/sysinfo.h usability
configure:4644: gcc -c -g -O2  conftest.c >&5
configure:4651: $? = 0
configure:4665: result: yes
configure:4669: checking sys/sysinfo.h presence
configure:4684: gcc -E  conftest.c
configure:4691: $? = 0
configure:4705: result: yes
configure:4733: checking for sys/sysinfo.h
configure:4742: result: yes
configure:4760: checking for sysinfo
configure:4816: gcc -o conftest.exe -g -O2   conftest.c -lrt  >&5
configure:4823: $? = 0
configure:4845: result: yes
configure:4856: checking for struct sysinfo
configure:4885: gcc -c -g -O2  conftest.c >&5
configure:4892: $? = 0
configure:4920: gcc -c -g -O2  conftest.c >&5
conftest.c: In function 'main':
conftest.c:31:29: error: expected expression before ')' token
configure:4927: $? = 1
configure: failed program was:
| /* confdefs.h.  */
| #define PACKAGE_NAME "scrypt"
| #define PACKAGE_TARNAME "scrypt"
| #define PACKAGE_VERSION "1.1.6"
| #define PACKAGE_STRING "scrypt 1.1.6"
| #define PACKAGE_BUGREPORT ""
| #define PACKAGE "scrypt"
| #define VERSION "1.1.6"
| #define STDC_HEADERS 1
| #define HAVE_SYS_TYPES_H 1
| #define HAVE_SYS_STAT_H 1
| #define HAVE_STDLIB_H 1
| #define HAVE_STRING_H 1
| #define HAVE_MEMORY_H 1
| #define HAVE_STRINGS_H 1
| #define HAVE_INTTYPES_H 1
| #define HAVE_STDINT_H 1
| #define HAVE_UNISTD_H 1
| #define HAVE_DECL_BE64ENC 0
| #define HAVE_ERR_H 1
| #define HAVE_LIBRT 1
| #define HAVE_CLOCK_GETTIME 1
| #define HAVE_SYS_SYSINFO_H 1
| #define HAVE_SYSINFO 1
| /* end confdefs.h.  */
| #include <sys/sysinfo.h>
| 
| int
| main ()
| {
| if (sizeof ((struct sysinfo)))
| 	  return 0;
|   ;
|   return 0;
| }
configure:4950: result: yes
configure:4961: checking for struct sysinfo.totalram
configure:4990: gcc -c -g -O2  conftest.c >&5
configure:4997: $? = 0
configure:5056: result: yes
configure:5066: checking for struct sysinfo.mem_unit
configure:5095: gcc -c -g -O2  conftest.c >&5
configure:5102: $? = 0
configure:5161: result: yes
configure:5202: checking sys/param.h usability
configure:5219: gcc -c -g -O2  conftest.c >&5
configure:5226: $? = 0
configure:5240: result: yes
configure:5244: checking sys/param.h presence
configure:5259: gcc -E  conftest.c
configure:5266: $? = 0
configure:5280: result: yes
configure:5308: checking for sys/param.h
configure:5317: result: yes
configure:5337: checking for posix_memalign
configure:5393: gcc -o conftest.exe -g -O2   conftest.c -lrt  >&5
configure:5400: $? = 0
configure:5422: result: yes
configure:5457: checking for special C compiler options needed for large files
configure:5552: result: no
configure:5558: checking for _FILE_OFFSET_BITS value needed for large files
configure:5593: gcc -c -g -O2  conftest.c >&5
configure:5600: $? = 0
configure:5669: result: no
configure:5934: creating ./config.status

## ---------------------- ##
## Running config.status. ##
## ---------------------- ##

This file was extended by scrypt config.status 1.1.6, which was
generated by GNU Autoconf 2.62.  Invocation command line was

  CONFIG_FILES    = 
  CONFIG_HEADERS  = 
  CONFIG_LINKS    = 
  CONFIG_COMMANDS = 
  $ ./config.status 

on dakami-atoll

config.status:784: creating Makefile
config.status:784: creating config.h
config.status:1006: config.h is unchanged
config.status:1058: executing depfiles commands

## ---------------- ##
## Cache variables. ##
## ---------------- ##

ac_cv_c_compiler_gnu=yes
ac_cv_env_CC_set=
ac_cv_env_CC_value=
ac_cv_env_CFLAGS_set=
ac_cv_env_CFLAGS_value=
ac_cv_env_CPPFLAGS_set=
ac_cv_env_CPPFLAGS_value=
ac_cv_env_CPP_set=
ac_cv_env_CPP_value=
ac_cv_env_LDFLAGS_set=
ac_cv_env_LDFLAGS_value=
ac_cv_env_LIBS_set=
ac_cv_env_LIBS_value=
ac_cv_env_build_alias_set=
ac_cv_env_build_alias_value=
ac_cv_env_host_alias_set=
ac_cv_env_host_alias_value=
ac_cv_env_target_alias_set=
ac_cv_env_target_alias_value=
ac_cv_exeext=.exe
ac_cv_func_clock_gettime=yes
ac_cv_func_posix_memalign=yes
ac_cv_func_sysinfo=yes
ac_cv_have_decl_be64enc=no
ac_cv_header_err_h=yes
ac_cv_header_inttypes_h=yes
ac_cv_header_memory_h=yes
ac_cv_header_stdc=yes
ac_cv_header_stdint_h=yes
ac_cv_header_stdlib_h=yes
ac_cv_header_string_h=yes
ac_cv_header_strings_h=yes
ac_cv_header_sys_endian_h=no
ac_cv_header_sys_param_h=yes
ac_cv_header_sys_stat_h=yes
ac_cv_header_sys_sysinfo_h=yes
ac_cv_header_sys_types_h=yes
ac_cv_header_unistd_h=yes
ac_cv_lib_rt_clock_gettime=yes
ac_cv_member_struct_sysinfo_mem_unit=yes
ac_cv_member_struct_sysinfo_totalram=yes
ac_cv_objext=o
ac_cv_path_EGREP='/usr/bin/grep -E'
ac_cv_path_GREP=/usr/bin/grep
ac_cv_path_install='/usr/bin/install -c'
ac_cv_path_mkdir=/usr/bin/mkdir
ac_cv_prog_AWK=gawk
ac_cv_prog_CPP='gcc -E'
ac_cv_prog_ac_ct_CC=gcc
ac_cv_prog_cc_c89=
ac_cv_prog_cc_g=yes
ac_cv_prog_make_make_set=yes
ac_cv_sys_file_offset_bits=no
ac_cv_sys_largefile_CC=no
ac_cv_type_struct_sysinfo=yes
am_cv_CC_dependencies_compiler_type=gcc3

## ----------------- ##
## Output variables. ##
## ----------------- ##

ACLOCAL='${SHELL} /home/dan/dakarand-1.0/scrypt-1.1.6/config.aux/missing --run aclocal-1.10'
AMDEPBACKSLASH='\'
AMDEP_FALSE='#'
AMDEP_TRUE=''
AMTAR='${SHELL} /home/dan/dakarand-1.0/scrypt-1.1.6/config.aux/missing --run tar'
AUTOCONF='${SHELL} /home/dan/dakarand-1.0/scrypt-1.1.6/config.aux/missing --run autoconf'
AUTOHEADER='${SHELL} /home/dan/dakarand-1.0/scrypt-1.1.6/config.aux/missing --run autoheader'
AUTOMAKE='${SHELL} /home/dan/dakarand-1.0/scrypt-1.1.6/config.aux/missing --run automake-1.10'
AWK='gawk'
CC='gcc'
CCDEPMODE='depmode=gcc3'
CFLAGS='-g -O2'
CPP='gcc -E'
CPPFLAGS=''
CYGPATH_W='cygpath -w'
DEFS='-DHAVE_CONFIG_H'
DEPDIR='.deps'
ECHO_C=''
ECHO_N='-n'
ECHO_T=''
EGREP='/usr/bin/grep -E'
EXEEXT='.exe'
GREP='/usr/bin/grep'
HAVE_SYSCTL_HW_USERMEM=''
INSTALL_DATA='${INSTALL} -m 644'
INSTALL_PROGRAM='${INSTALL}'
INSTALL_SCRIPT='${INSTALL}'
INSTALL_STRIP_PROGRAM='$(install_sh) -c -s'
LDFLAGS=''
LIBOBJS=''
LIBS='-lrt '
LTLIBOBJS=''
MAINT='#'
MAINTAINER_MODE_FALSE=''
MAINTAINER_MODE_TRUE='#'
MAKEINFO='${SHELL} /home/dan/dakarand-1.0/scrypt-1.1.6/config.aux/missing --run makeinfo'
MKDIR_P='/usr/bin/mkdir -p'
OBJEXT='o'
PACKAGE='scrypt'
PACKAGE_BUGREPORT=''
PACKAGE_NAME='scrypt'
PACKAGE_STRING='scrypt 1.1.6'
PACKAGE_TARNAME='scrypt'
PACKAGE_VERSION='1.1.6'
PATH_SEPARATOR=':'
SCRYPTVER='nosse'
SET_MAKE=''
SHELL='/bin/sh'
STRIP=''
VERSION='1.1.6'
ac_ct_CC='gcc'
am__fastdepCC_FALSE='#'
am__fastdepCC_TRUE=''
am__include='include'
am__isrc=''
am__leading_dot='.'
am__quote=''
am__tar='${AMTAR} chof - "$$tardir"'
am__untar='${AMTAR} xf -'
bindir='${exec_prefix}/bin'
build_alias=''
datadir='${datarootdir}'
datarootdir='${prefix}/share'
docdir='${datarootdir}/doc/${PACKAGE_TARNAME}'
dvidir='${docdir}'
exec_prefix='${prefix}'
host_alias=''
htmldir='${docdir}'
includedir='${prefix}/include'
infodir='${datarootdir}/info'
install_sh='$(SHELL) /home/dan/dakarand-1.0/scrypt-1.1.6/config.aux/install-sh'
libdir='${exec_prefix}/lib'
libexecdir='${exec_prefix}/libexec'
localedir='${datarootdir}/locale'
localstatedir='${prefix}/var'
mandir='${datarootdir}/man'
mkdir_p='/usr/bin/mkdir -p'
oldincludedir='/usr/include'
pdfdir='${docdir}'
prefix='/usr/local'
program_transform_name='s,x,x,'
psdir='${docdir}'
sbindir='${exec_prefix}/sbin'
sharedstatedir='${prefix}/com'
sysconfdir='${prefix}/etc'
target_alias=''

## ----------- ##
## confdefs.h. ##
## ----------- ##

#define PACKAGE_NAME "scrypt"
#define PACKAGE_TARNAME "scrypt"
#define PACKAGE_VERSION "1.1.6"
#define PACKAGE_STRING "scrypt 1.1.6"
#define PACKAGE_BUGREPORT ""
#define PACKAGE "scrypt"
#define VERSION "1.1.6"
#define STDC_HEADERS 1
#define HAVE_SYS_TYPES_H 1
#define HAVE_SYS_STAT_H 1
#define HAVE_STDLIB_H 1
#define HAVE_STRING_H 1
#define HAVE_MEMORY_H 1
#define HAVE_STRINGS_H 1
#define HAVE_INTTYPES_H 1
#define HAVE_STDINT_H 1
#define HAVE_UNISTD_H 1
#define HAVE_DECL_BE64ENC 0
#define HAVE_ERR_H 1
#define HAVE_LIBRT 1
#define HAVE_CLOCK_GETTIME 1
#define HAVE_SYS_SYSINFO_H 1
#define HAVE_SYSINFO 1
#define HAVE_STRUCT_SYSINFO 1
#define HAVE_STRUCT_SYSINFO_TOTALRAM 1
#define HAVE_STRUCT_SYSINFO_MEM_UNIT 1
#define HAVE_SYS_PARAM_H 1
#define HAVE_POSIX_MEMALIGN 1

configure: exit 0
